{"/Users/manhala/design/namaste-react/src/components/Header.js": {"path":"/Users/manhala/design/namaste-react/src/components/Header.js","statementMap":{"0":{"start":{"line":21,"column":13},"end":{"line":27,"column":1}},"1":{"start":{"line":22,"column":2},"end":{"line":26,"column":4}},"2":{"start":{"line":31,"column":20},"end":{"line":31,"column":35}},"3":{"start":{"line":33,"column":20},"end":{"line":33,"column":58}},"4":{"start":{"line":33,"column":41},"end":{"line":33,"column":57}},"5":{"start":{"line":36,"column":2},"end":{"line":36,"column":34}},"6":{"start":{"line":38,"column":2},"end":{"line":82,"column":4}}},"fnMap":{"0":{"name":"(anonymous_0)","decl":{"start":{"line":21,"column":13},"end":{"line":21,"column":14}},"loc":{"start":{"line":21,"column":19},"end":{"line":27,"column":1}},"line":21},"1":{"name":"Header","decl":{"start":{"line":29,"column":24},"end":{"line":29,"column":30}},"loc":{"start":{"line":29,"column":33},"end":{"line":83,"column":1}},"line":29},"2":{"name":"(anonymous_2)","decl":{"start":{"line":33,"column":32},"end":{"line":33,"column":33}},"loc":{"start":{"line":33,"column":41},"end":{"line":33,"column":57}},"line":33}},"branchMap":{"0":{"loc":{"start":{"line":47,"column":10},"end":{"line":54,"column":16}},"type":"cond-expr","locations":[{"start":{"line":48,"column":10},"end":{"line":53,"column":31}},{"start":{"line":54,"column":12},"end":{"line":54,"column":16}}],"line":47}},"s":{"0":1,"1":1,"2":1,"3":1,"4":1,"5":1,"6":1},"f":{"0":1,"1":1,"2":1},"b":{"0":[0,1]},"_coverageSchema":"1a1c01bbd47fc00a2c39e90264f33305004495a9","hash":"937fc41adcaa551c6abd868dffdab30a5f72db77"}
,"/Users/manhala/design/namaste-react/src/components/sum.js": {"path":"/Users/manhala/design/namaste-react/src/components/sum.js","statementMap":{"0":{"start":{"line":1,"column":12},"end":{"line":1,"column":26}},"1":{"start":{"line":1,"column":21},"end":{"line":1,"column":26}}},"fnMap":{"0":{"name":"(anonymous_0)","decl":{"start":{"line":1,"column":12},"end":{"line":1,"column":13}},"loc":{"start":{"line":1,"column":21},"end":{"line":1,"column":26}},"line":1}},"branchMap":{},"s":{"0":1,"1":1},"f":{"0":1},"b":{},"_coverageSchema":"1a1c01bbd47fc00a2c39e90264f33305004495a9","hash":"c47ee05cf9a618674a7990ae6665928c0701a51b"}
,"/Users/manhala/design/namaste-react/utils/cartSlice.js": {"path":"/Users/manhala/design/namaste-react/utils/cartSlice.js","statementMap":{"0":{"start":{"line":3,"column":18},"end":{"line":23,"column":2}},"1":{"start":{"line":10,"column":7},"end":{"line":10,"column":40}},"2":{"start":{"line":14,"column":20},"end":{"line":14,"column":77}},"3":{"start":{"line":14,"column":50},"end":{"line":14,"column":76}},"4":{"start":{"line":15,"column":6},"end":{"line":17,"column":7}},"5":{"start":{"line":16,"column":8},"end":{"line":16,"column":37}},"6":{"start":{"line":20,"column":6},"end":{"line":20,"column":23}},"7":{"start":{"line":26,"column":54},"end":{"line":26,"column":71}}},"fnMap":{"0":{"name":"(anonymous_0)","decl":{"start":{"line":9,"column":13},"end":{"line":9,"column":14}},"loc":{"start":{"line":9,"column":32},"end":{"line":12,"column":5}},"line":9},"1":{"name":"(anonymous_1)","decl":{"start":{"line":13,"column":16},"end":{"line":13,"column":17}},"loc":{"start":{"line":13,"column":35},"end":{"line":18,"column":5}},"line":13},"2":{"name":"(anonymous_2)","decl":{"start":{"line":14,"column":42},"end":{"line":14,"column":43}},"loc":{"start":{"line":14,"column":50},"end":{"line":14,"column":76}},"line":14},"3":{"name":"(anonymous_3)","decl":{"start":{"line":19,"column":19},"end":{"line":19,"column":20}},"loc":{"start":{"line":19,"column":30},"end":{"line":21,"column":5}},"line":19}},"branchMap":{"0":{"loc":{"start":{"line":15,"column":6},"end":{"line":17,"column":7}},"type":"if","locations":[{"start":{"line":15,"column":6},"end":{"line":17,"column":7}},{"start":{},"end":{}}],"line":15}},"s":{"0":1,"1":0,"2":0,"3":0,"4":0,"5":0,"6":0,"7":1},"f":{"0":0,"1":0,"2":0,"3":0},"b":{"0":[0,0]},"_coverageSchema":"1a1c01bbd47fc00a2c39e90264f33305004495a9","hash":"b2b94a39df5308afbb759ec23cd44170b0026a57"}
,"/Users/manhala/design/namaste-react/utils/getScreenSize.js": {"path":"/Users/manhala/design/namaste-react/utils/getScreenSize.js","statementMap":{"0":{"start":{"line":15,"column":22},"end":{"line":15,"column":108}},"1":{"start":{"line":17,"column":2},"end":{"line":19,"column":3}},"2":{"start":{"line":18,"column":4},"end":{"line":18,"column":19}},"3":{"start":{"line":21,"column":2},"end":{"line":23,"column":3}},"4":{"start":{"line":22,"column":4},"end":{"line":22,"column":16}},"5":{"start":{"line":25,"column":2},"end":{"line":27,"column":3}},"6":{"start":{"line":26,"column":4},"end":{"line":26,"column":20}}},"fnMap":{"0":{"name":"getScreenSize","decl":{"start":{"line":13,"column":24},"end":{"line":13,"column":37}},"loc":{"start":{"line":13,"column":40},"end":{"line":28,"column":1}},"line":13}},"branchMap":{"0":{"loc":{"start":{"line":15,"column":22},"end":{"line":15,"column":108}},"type":"binary-expr","locations":[{"start":{"line":15,"column":22},"end":{"line":15,"column":39}},{"start":{"line":15,"column":43},"end":{"line":15,"column":79}},{"start":{"line":15,"column":83},"end":{"line":15,"column":108}}],"line":15},"1":{"loc":{"start":{"line":17,"column":2},"end":{"line":19,"column":3}},"type":"if","locations":[{"start":{"line":17,"column":2},"end":{"line":19,"column":3}},{"start":{},"end":{}}],"line":17},"2":{"loc":{"start":{"line":21,"column":2},"end":{"line":23,"column":3}},"type":"if","locations":[{"start":{"line":21,"column":2},"end":{"line":23,"column":3}},{"start":{},"end":{}}],"line":21},"3":{"loc":{"start":{"line":25,"column":2},"end":{"line":27,"column":3}},"type":"if","locations":[{"start":{"line":25,"column":2},"end":{"line":27,"column":3}},{"start":{},"end":{}}],"line":25}},"s":{"0":1,"1":1,"2":0,"3":1,"4":1,"5":0,"6":0},"f":{"0":1},"b":{"0":[1,0,0],"1":[0,1],"2":[1,0],"3":[0,0]},"_coverageSchema":"1a1c01bbd47fc00a2c39e90264f33305004495a9","hash":"1a1215aa9aab03c96ae67289d84b62fa5f9f85f0"}
,"/Users/manhala/design/namaste-react/utils/store.js": {"path":"/Users/manhala/design/namaste-react/utils/store.js","statementMap":{"0":{"start":{"line":4,"column":14},"end":{"line":9,"column":2}}},"fnMap":{},"branchMap":{},"s":{"0":1},"f":{},"b":{},"_coverageSchema":"1a1c01bbd47fc00a2c39e90264f33305004495a9","hash":"57669740885e78dca9912bef90d1b11f570fecf0"}
}
