TN:
SF:src/components/Header.js
FN:21,(anonymous_0)
FN:29,Header
FN:33,(anonymous_2)
FNF:3
FNH:3
FNDA:1,(anonymous_0)
FNDA:1,Header
FNDA:1,(anonymous_2)
DA:21,1
DA:22,1
DA:31,1
DA:33,1
DA:36,1
DA:38,1
LF:6
LH:6
BRDA:47,0,0,0
BRDA:47,0,1,1
BRF:2
BRH:1
end_of_record
TN:
SF:src/components/sum.js
FN:1,(anonymous_0)
FNF:1
FNH:1
FNDA:1,(anonymous_0)
DA:1,1
LF:1
LH:1
BRF:0
BRH:0
end_of_record
TN:
SF:utils/cartSlice.js
FN:9,(anonymous_0)
FN:13,(anonymous_1)
FN:14,(anonymous_2)
FN:19,(anonymous_3)
FNF:4
FNH:0
FNDA:0,(anonymous_0)
FNDA:0,(anonymous_1)
FNDA:0,(anonymous_2)
FNDA:0,(anonymous_3)
DA:3,1
DA:10,0
DA:14,0
DA:15,0
DA:16,0
DA:20,0
DA:26,1
LF:7
LH:2
BRDA:15,0,0,0
BRDA:15,0,1,0
BRF:2
BRH:0
end_of_record
TN:
SF:utils/getScreenSize.js
FN:13,getScreenSize
FNF:1
FNH:1
FNDA:1,getScreenSize
DA:15,1
DA:17,1
DA:18,0
DA:21,1
DA:22,1
DA:25,0
DA:26,0
LF:7
LH:4
BRDA:15,0,0,1
BRDA:15,0,1,0
BRDA:15,0,2,0
BRDA:17,1,0,0
BRDA:17,1,1,1
BRDA:21,2,0,1
BRDA:21,2,1,0
BRDA:25,3,0,0
BRDA:25,3,1,0
BRF:9
BRH:3
end_of_record
TN:
SF:utils/store.js
FNF:0
FNH:0
DA:4,1
LF:1
LH:1
BRF:0
BRH:0
end_of_record
